<?xml version="1.0" encoding="UTF-8"?>
<!-- Generated by org.testng.reporters.JUnitReportReporter -->
<testsuite hostname="kashishpasrija" name="com.w2a.cucumber.zoho.runners.ValidateCRMFeatureRunner" tests="1" failures="0" timestamp="22 Jan 2020 08:26:58 GMT" time="29.114" errors="0">
  <testcase name="runCukes" time="29.114" classname="com.w2a.cucumber.zoho.runners.ValidateCRMFeatureRunner"/>
</testsuite> <!-- com.w2a.cucumber.zoho.runners.ValidateCRMFeatureRunner -->
