<?xml version="1.0" encoding="UTF-8"?>
<!-- Generated by org.testng.reporters.JUnitReportReporter -->
<testsuite hostname="kashishpasrija" name="com.w2a.cucumber.zoho.runners.LoginFeatureRunner" tests="1" failures="0" timestamp="22 Jan 2020 08:26:58 GMT" time="24.313" errors="0">
  <testcase name="runCukes" time="24.313" classname="com.w2a.cucumber.zoho.runners.LoginFeatureRunner"/>
</testsuite> <!-- com.w2a.cucumber.zoho.runners.LoginFeatureRunner -->
